2006.03.29 11:26 B C:\Documents and Settings\user\My Documents\Johnston Road Dental\Johnston Road Dental\images\appt.gif --> www.johnstonroaddental.com /Html/images appt.gif
2006.03.29 11:26 B C:\Documents and Settings\user\My Documents\Johnston Road Dental\Johnston Road Dental\images\arrow.gif --> www.johnstonroaddental.com /Html/images arrow.gif
2006.03.29 11:26 B C:\Documents and Settings\user\My Documents\Johnston Road Dental\Johnston Road Dental\images\bg.gif --> www.johnstonroaddental.com /Html/images bg.gif
2006.03.29 11:26 B C:\Documents and Settings\user\My Documents\Johnston Road Dental\Johnston Road Dental\images\bg2.gif --> www.johnstonroaddental.com /Html/images bg2.gif
2006.03.29 11:26 B C:\Documents and Settings\user\My Documents\Johnston Road Dental\Johnston Road Dental\images\bg3.gif --> www.johnstonroaddental.com /Html/images bg3.gif
2006.03.29 11:26 B C:\Documents and Settings\user\My Documents\Johnston Road Dental\Johnston Road Dental\images\bg4.gif --> www.johnstonroaddental.com /Html/images bg4.gif
2006.03.29 11:26 B C:\Documents and Settings\user\My Documents\Johnston Road Dental\Johnston Road Dental\images\bio_pic.jpg --> www.johnstonroaddental.com /Html/images bio_pic.jpg
2006.03.29 11:26 B C:\Documents and Settings\user\My Documents\Johnston Road Dental\Johnston Road Dental\images\blank.gif --> www.johnstonroaddental.com /Html/images blank.gif
2006.03.29 11:26 B C:\Documents and Settings\user\My Documents\Johnston Road Dental\Johnston Road Dental\images\bottom01.gif --> www.johnstonroaddental.com /Html/images bottom01.gif
2006.03.29 11:26 B C:\Documents and Settings\user\My Documents\Johnston Road Dental\Johnston Road Dental\images\bottom02.gif --> www.johnstonroaddental.com /Html/images bottom02.gif
2006.03.29 11:26 B C:\Documents and Settings\user\My Documents\Johnston Road Dental\Johnston Road Dental\images\bottombg.gif --> www.johnstonroaddental.com /Html/images bottombg.gif
2006.03.29 11:26 B C:\Documents and Settings\user\My Documents\Johnston Road Dental\Johnston Road Dental\images\brief.gif --> www.johnstonroaddental.com /Html/images brief.gif
2006.03.29 11:26 B C:\Documents and Settings\user\My Documents\Johnston Road Dental\Johnston Road Dental\images\brief_bg.gif --> www.johnstonroaddental.com /Html/images brief_bg.gif
2006.03.29 11:26 B C:\Documents and Settings\user\My Documents\Johnston Road Dental\Johnston Road Dental\images\bt_about.gif --> www.johnstonroaddental.com /Html/images bt_about.gif
2006.03.29 11:26 B C:\Documents and Settings\user\My Documents\Johnston Road Dental\Johnston Road Dental\images\bt_before.gif --> www.johnstonroaddental.com /Html/images bt_before.gif
2006.03.29 11:26 B C:\Documents and Settings\user\My Documents\Johnston Road Dental\Johnston Road Dental\images\bt_bleaching.gif --> www.johnstonroaddental.com /Html/images bt_bleaching.gif
2006.03.29 11:26 B C:\Documents and Settings\user\My Documents\Johnston Road Dental\Johnston Road Dental\images\bt_bonding.gif --> www.johnstonroaddental.com /Html/images bt_bonding.gif
2006.03.29 11:26 B C:\Documents and Settings\user\My Documents\Johnston Road Dental\Johnston Road Dental\images\bt_booking.gif --> www.johnstonroaddental.com /Html/images bt_booking.gif
2006.03.29 11:26 B C:\Documents and Settings\user\My Documents\Johnston Road Dental\Johnston Road Dental\images\bt_bridges.gif --> www.johnstonroaddental.com /Html/images bt_bridges.gif
2006.03.29 11:26 B C:\Documents and Settings\user\My Documents\Johnston Road Dental\Johnston Road Dental\images\bt_contact.gif --> www.johnstonroaddental.com /Html/images bt_contact.gif
2006.03.29 11:26 B C:\Documents and Settings\user\My Documents\Johnston Road Dental\Johnston Road Dental\images\bt_crowns.gif --> www.johnstonroaddental.com /Html/images bt_crowns.gif
2006.03.29 11:26 B C:\Documents and Settings\user\My Documents\Johnston Road Dental\Johnston Road Dental\images\bt_dentures.gif --> www.johnstonroaddental.com /Html/images bt_dentures.gif
2006.03.29 11:26 B C:\Documents and Settings\user\My Documents\Johnston Road Dental\Johnston Road Dental\images\bt_gallery.gif --> www.johnstonroaddental.com /Html/images bt_gallery.gif
2006.03.29 11:26 B C:\Documents and Settings\user\My Documents\Johnston Road Dental\Johnston Road Dental\images\bt_gallery1.gif --> www.johnstonroaddental.com /Html/images bt_gallery1.gif
2006.03.29 11:26 B C:\Documents and Settings\user\My Documents\Johnston Road Dental\Johnston Road Dental\images\bt_implants.gif --> www.johnstonroaddental.com /Html/images bt_implants.gif
2006.03.29 11:26 B C:\Documents and Settings\user\My Documents\Johnston Road Dental\Johnston Road Dental\images\bt_our_team.gif --> www.johnstonroaddental.com /Html/images bt_our_team.gif
2006.03.29 11:26 B C:\Documents and Settings\user\My Documents\Johnston Road Dental\Johnston Road Dental\images\bt_services.gif --> www.johnstonroaddental.com /Html/images bt_services.gif
2006.03.29 11:26 B C:\Documents and Settings\user\My Documents\Johnston Road Dental\Johnston Road Dental\images\bt_team.gif --> www.johnstonroaddental.com /Html/images bt_team.gif
2006.03.29 11:26 B C:\Documents and Settings\user\My Documents\Johnston Road Dental\Johnston Road Dental\images\bt_veneers.gif --> www.johnstonroaddental.com /Html/images bt_veneers.gif
2006.03.29 11:26 B C:\Documents and Settings\user\My Documents\Johnston Road Dental\Johnston Road Dental\images\Christian.jpg --> www.johnstonroaddental.com /Html/images Christian.jpg
2006.03.29 11:26 B C:\Documents and Settings\user\My Documents\Johnston Road Dental\Johnston Road Dental\images\contac1.gif --> www.johnstonroaddental.com /Html/images contac1.gif
2006.03.29 11:26 B C:\Documents and Settings\user\My Documents\Johnston Road Dental\Johnston Road Dental\images\contac2.gif --> www.johnstonroaddental.com /Html/images contac2.gif
2006.03.29 11:26 B C:\Documents and Settings\user\My Documents\Johnston Road Dental\Johnston Road Dental\images\contac3.gif --> www.johnstonroaddental.com /Html/images contac3.gif
2006.03.29 11:26 B C:\Documents and Settings\user\My Documents\Johnston Road Dental\Johnston Road Dental\images\contac4.gif --> www.johnstonroaddental.com /Html/images contac4.gif
2006.03.29 11:26 B C:\Documents and Settings\user\My Documents\Johnston Road Dental\Johnston Road Dental\images\contac5.gif --> www.johnstonroaddental.com /Html/images contac5.gif
2006.03.29 11:26 B C:\Documents and Settings\user\My Documents\Johnston Road Dental\Johnston Road Dental\images\contac6.gif --> www.johnstonroaddental.com /Html/images contac6.gif
2006.03.29 11:26 B C:\Documents and Settings\user\My Documents\Johnston Road Dental\Johnston Road Dental\images\contac7.gif --> www.johnstonroaddental.com /Html/images contac7.gif
2006.03.29 11:26 B C:\Documents and Settings\user\My Documents\Johnston Road Dental\Johnston Road Dental\images\defaul2.gif --> www.johnstonroaddental.com /Html/images defaul2.gif
2006.03.29 11:26 B C:\Documents and Settings\user\My Documents\Johnston Road Dental\Johnston Road Dental\images\defaul3.gif --> www.johnstonroaddental.com /Html/images defaul3.gif
2006.03.29 11:26 B C:\Documents and Settings\user\My Documents\Johnston Road Dental\Johnston Road Dental\images\dent-1.jpg --> www.johnstonroaddental.com /Html/images dent-1.jpg
2006.03.29 11:26 B C:\Documents and Settings\user\My Documents\Johnston Road Dental\Johnston Road Dental\images\dent-1a.jpg --> www.johnstonroaddental.com /Html/images dent-1a.jpg
2006.03.29 11:26 B C:\Documents and Settings\user\My Documents\Johnston Road Dental\Johnston Road Dental\images\dent-2.jpg --> www.johnstonroaddental.com /Html/images dent-2.jpg
2006.03.29 11:26 B C:\Documents and Settings\user\My Documents\Johnston Road Dental\Johnston Road Dental\images\dental_chair.jpg --> www.johnstonroaddental.com /Html/images dental_chair.jpg
2006.03.29 11:26 B C:\Documents and Settings\user\My Documents\Johnston Road Dental\Johnston Road Dental\images\dottedbarbottom.gif --> www.johnstonroaddental.com /Html/images dottedbarbottom.gif
2006.03.29 11:26 B C:\Documents and Settings\user\My Documents\Johnston Road Dental\Johnston Road Dental\images\dottedbartop.gif --> www.johnstonroaddental.com /Html/images dottedbartop.gif
2006.03.29 11:26 B C:\Documents and Settings\user\My Documents\Johnston Road Dental\Johnston Road Dental\images\dtop.gif --> www.johnstonroaddental.com /Html/images dtop.gif
2006.03.29 11:26 B C:\Documents and Settings\user\My Documents\Johnston Road Dental\Johnston Road Dental\images\entrance.jpg --> www.johnstonroaddental.com /Html/images entrance.jpg
2006.03.29 11:26 B C:\Documents and Settings\user\My Documents\Johnston Road Dental\Johnston Road Dental\images\freebg.gif --> www.johnstonroaddental.com /Html/images freebg.gif
2006.03.29 11:26 B C:\Documents and Settings\user\My Documents\Johnston Road Dental\Johnston Road Dental\images\front-desk.jpg --> www.johnstonroaddental.com /Html/images front-desk.jpg
2006.03.29 11:26 B C:\Documents and Settings\user\My Documents\Johnston Road Dental\Johnston Road Dental\images\front.jpg --> www.johnstonroaddental.com /Html/images front.jpg
2006.03.29 11:26 B C:\Documents and Settings\user\My Documents\Johnston Road Dental\Johnston Road Dental\images\galler1.gif --> www.johnstonroaddental.com /Html/images galler1.gif
2006.03.29 11:26 B C:\Documents and Settings\user\My Documents\Johnston Road Dental\Johnston Road Dental\images\galler2.gif --> www.johnstonroaddental.com /Html/images galler2.gif
2006.03.29 11:26 B C:\Documents and Settings\user\My Documents\Johnston Road Dental\Johnston Road Dental\images\hdr_about.gif --> www.johnstonroaddental.com /Html/images hdr_about.gif
2006.03.29 11:26 B C:\Documents and Settings\user\My Documents\Johnston Road Dental\Johnston Road Dental\images\hdr_before.gif --> www.johnstonroaddental.com /Html/images hdr_before.gif
2006.03.29 11:26 B C:\Documents and Settings\user\My Documents\Johnston Road Dental\Johnston Road Dental\images\hdr_booking.gif --> www.johnstonroaddental.com /Html/images hdr_booking.gif
2006.03.29 11:26 B C:\Documents and Settings\user\My Documents\Johnston Road Dental\Johnston Road Dental\images\hdr_contact.gif --> www.johnstonroaddental.com /Html/images hdr_contact.gif
2006.03.29 11:26 B C:\Documents and Settings\user\My Documents\Johnston Road Dental\Johnston Road Dental\images\hdr_services.gif --> www.johnstonroaddental.com /Html/images hdr_services.gif
2006.03.29 11:26 B C:\Documents and Settings\user\My Documents\Johnston Road Dental\Johnston Road Dental\images\hdr_team.gif --> www.johnstonroaddental.com /Html/images hdr_team.gif
2006.03.29 11:26 B C:\Documents and Settings\user\My Documents\Johnston Road Dental\Johnston Road Dental\images\hdr_welcome.gif --> www.johnstonroaddental.com /Html/images hdr_welcome.gif
2006.03.29 11:26 B C:\Documents and Settings\user\My Documents\Johnston Road Dental\Johnston Road Dental\images\HH00004_.gif --> www.johnstonroaddental.com /Html/images HH00004_.gif
2006.03.29 11:26 B C:\Documents and Settings\user\My Documents\Johnston Road Dental\Johnston Road Dental\images\icon01.gif --> www.johnstonroaddental.com /Html/images icon01.gif
2006.03.29 11:26 B C:\Documents and Settings\user\My Documents\Johnston Road Dental\Johnston Road Dental\images\icon02.gif --> www.johnstonroaddental.com /Html/images icon02.gif
2006.03.29 11:26 B C:\Documents and Settings\user\My Documents\Johnston Road Dental\Johnston Road Dental\images\icon03.gif --> www.johnstonroaddental.com /Html/images icon03.gif
2006.03.29 11:26 B C:\Documents and Settings\user\My Documents\Johnston Road Dental\Johnston Road Dental\images\icon_email.gif --> www.johnstonroaddental.com /Html/images icon_email.gif
2006.03.29 11:26 B C:\Documents and Settings\user\My Documents\Johnston Road Dental\Johnston Road Dental\images\icon_home.gif --> www.johnstonroaddental.com /Html/images icon_home.gif
2006.03.29 11:26 B C:\Documents and Settings\user\My Documents\Johnston Road Dental\Johnston Road Dental\images\icon_search.gif --> www.johnstonroaddental.com /Html/images icon_search.gif
2006.03.29 11:26 B C:\Documents and Settings\user\My Documents\Johnston Road Dental\Johnston Road Dental\images\Image2.gif --> www.johnstonroaddental.com /Html/images Image2.gif
2006.03.29 11:26 B C:\Documents and Settings\user\My Documents\Johnston Road Dental\Johnston Road Dental\images\index.1.gif --> www.johnstonroaddental.com /Html/images index.1.gif
2006.03.29 11:26 B C:\Documents and Settings\user\My Documents\Johnston Road Dental\Johnston Road Dental\images\index.1.jpg --> www.johnstonroaddental.com /Html/images index.1.jpg
2006.03.29 11:26 B C:\Documents and Settings\user\My Documents\Johnston Road Dental\Johnston Road Dental\images\index.2.gif --> www.johnstonroaddental.com /Html/images index.2.gif
2006.03.29 11:26 B C:\Documents and Settings\user\My Documents\Johnston Road Dental\Johnston Road Dental\images\jr_dental_staff.jpg --> www.johnstonroaddental.com /Html/images jr_dental_staff.jpg
2006.03.29 11:26 B C:\Documents and Settings\user\My Documents\Johnston Road Dental\Johnston Road Dental\images\jrd-1.jpg --> www.johnstonroaddental.com /Html/images jrd-1.jpg
2006.03.29 11:26 B C:\Documents and Settings\user\My Documents\Johnston Road Dental\Johnston Road Dental\images\jrd-1_small.jpg --> www.johnstonroaddental.com /Html/images jrd-1_small.jpg
2006.03.29 11:26 B C:\Documents and Settings\user\My Documents\Johnston Road Dental\Johnston Road Dental\images\jrd-2.jpg --> www.johnstonroaddental.com /Html/images jrd-2.jpg
2006.03.29 11:26 B C:\Documents and Settings\user\My Documents\Johnston Road Dental\Johnston Road Dental\images\jrd-2_small.jpg --> www.johnstonroaddental.com /Html/images jrd-2_small.jpg
2006.03.29 11:26 B C:\Documents and Settings\user\My Documents\Johnston Road Dental\Johnston Road Dental\images\jrd-3.jpg --> www.johnstonroaddental.com /Html/images jrd-3.jpg
2006.03.29 11:26 B C:\Documents and Settings\user\My Documents\Johnston Road Dental\Johnston Road Dental\images\jrd-3_small.jpg --> www.johnstonroaddental.com /Html/images jrd-3_small.jpg
2006.03.29 11:26 B C:\Documents and Settings\user\My Documents\Johnston Road Dental\Johnston Road Dental\images\jrd-4.jpg --> www.johnstonroaddental.com /Html/images jrd-4.jpg
2006.03.29 11:26 B C:\Documents and Settings\user\My Documents\Johnston Road Dental\Johnston Road Dental\images\jrd-4_small.jpg --> www.johnstonroaddental.com /Html/images jrd-4_small.jpg
2006.03.29 11:26 B C:\Documents and Settings\user\My Documents\Johnston Road Dental\Johnston Road Dental\images\jrd-5.jpg --> www.johnstonroaddental.com /Html/images jrd-5.jpg
2006.03.29 11:26 B C:\Documents and Settings\user\My Documents\Johnston Road Dental\Johnston Road Dental\images\jrd-5_small.jpg --> www.johnstonroaddental.com /Html/images jrd-5_small.jpg
2006.03.29 11:26 B C:\Documents and Settings\user\My Documents\Johnston Road Dental\Johnston Road Dental\images\jrd-5_small1.jpg --> www.johnstonroaddental.com /Html/images jrd-5_small1.jpg
2006.03.29 11:26 B C:\Documents and Settings\user\My Documents\Johnston Road Dental\Johnston Road Dental\images\jrd-5a.jpg --> www.johnstonroaddental.com /Html/images jrd-5a.jpg
2006.03.29 11:26 B C:\Documents and Settings\user\My Documents\Johnston Road Dental\Johnston Road Dental\images\jrd-6.jpg --> www.johnstonroaddental.com /Html/images jrd-6.jpg
2006.03.29 11:26 B C:\Documents and Settings\user\My Documents\Johnston Road Dental\Johnston Road Dental\images\jrd-7.jpg --> www.johnstonroaddental.com /Html/images jrd-7.jpg
2006.03.29 11:26 B C:\Documents and Settings\user\My Documents\Johnston Road Dental\Johnston Road Dental\images\jrd-7_small.jpg --> www.johnstonroaddental.com /Html/images jrd-7_small.jpg
2006.03.29 11:26 B C:\Documents and Settings\user\My Documents\Johnston Road Dental\Johnston Road Dental\images\jrd-8.jpg --> www.johnstonroaddental.com /Html/images jrd-8.jpg
2006.03.29 11:27 B C:\Documents and Settings\user\My Documents\Johnston Road Dental\Johnston Road Dental\images\jrd.jpg --> www.johnstonroaddental.com /Html/images jrd.jpg
2006.03.29 11:27 B C:\Documents and Settings\user\My Documents\Johnston Road Dental\Johnston Road Dental\images\left.gif --> www.johnstonroaddental.com /Html/images left.gif
2006.03.29 11:27 B C:\Documents and Settings\user\My Documents\Johnston Road Dental\Johnston Road Dental\images\line.gif --> www.johnstonroaddental.com /Html/images line.gif
2006.03.29 11:27 B C:\Documents and Settings\user\My Documents\Johnston Road Dental\Johnston Road Dental\images\linebg.gif --> www.johnstonroaddental.com /Html/images linebg.gif
2006.03.29 11:27 B C:\Documents and Settings\user\My Documents\Johnston Road Dental\Johnston Road Dental\images\map.gif --> www.johnstonroaddental.com /Html/images map.gif
2006.03.29 11:27 B C:\Documents and Settings\user\My Documents\Johnston Road Dental\Johnston Road Dental\images\online_booking.gif --> www.johnstonroaddental.com /Html/images online_booking.gif
2006.03.29 11:27 B C:\Documents and Settings\user\My Documents\Johnston Road Dental\Johnston Road Dental\images\online_booking_hdr.gif --> www.johnstonroaddental.com /Html/images online_booking_hdr.gif
2006.03.29 11:27 B C:\Documents and Settings\user\My Documents\Johnston Road Dental\Johnston Road Dental\images\patient1_after.jpg --> www.johnstonroaddental.com /Html/images patient1_after.jpg
2006.03.29 11:27 B C:\Documents and Settings\user\My Documents\Johnston Road Dental\Johnston Road Dental\images\patient1_before.jpg --> www.johnstonroaddental.com /Html/images patient1_before.jpg
2006.03.29 11:27 B C:\Documents and Settings\user\My Documents\Johnston Road Dental\Johnston Road Dental\images\patient2_after.jpg --> www.johnstonroaddental.com /Html/images patient2_after.jpg
2006.03.29 11:27 B C:\Documents and Settings\user\My Documents\Johnston Road Dental\Johnston Road Dental\images\patient2_before.jpg --> www.johnstonroaddental.com /Html/images patient2_before.jpg
2006.03.29 11:27 B C:\Documents and Settings\user\My Documents\Johnston Road Dental\Johnston Road Dental\images\patient3_after.jpg --> www.johnstonroaddental.com /Html/images patient3_after.jpg
2006.03.29 11:27 B C:\Documents and Settings\user\My Documents\Johnston Road Dental\Johnston Road Dental\images\patient3_before.jpg --> www.johnstonroaddental.com /Html/images patient3_before.jpg
2006.03.29 11:27 B C:\Documents and Settings\user\My Documents\Johnston Road Dental\Johnston Road Dental\images\patient4_after.jpg --> www.johnstonroaddental.com /Html/images patient4_after.jpg
2006.03.29 11:27 B C:\Documents and Settings\user\My Documents\Johnston Road Dental\Johnston Road Dental\images\patient4_before.jpg --> www.johnstonroaddental.com /Html/images patient4_before.jpg
2006.03.29 11:27 B C:\Documents and Settings\user\My Documents\Johnston Road Dental\Johnston Road Dental\images\pic01.jpg --> www.johnstonroaddental.com /Html/images pic01.jpg
2006.03.29 11:27 B C:\Documents and Settings\user\My Documents\Johnston Road Dental\Johnston Road Dental\images\pic02.gif --> www.johnstonroaddental.com /Html/images pic02.gif
2006.03.29 11:27 B C:\Documents and Settings\user\My Documents\Johnston Road Dental\Johnston Road Dental\images\pic02.jpg --> www.johnstonroaddental.com /Html/images pic02.jpg
2006.03.29 11:27 B C:\Documents and Settings\user\My Documents\Johnston Road Dental\Johnston Road Dental\images\pic02_2.jpg --> www.johnstonroaddental.com /Html/images pic02_2.jpg
2006.03.29 11:27 B C:\Documents and Settings\user\My Documents\Johnston Road Dental\Johnston Road Dental\images\pic04.gif --> www.johnstonroaddental.com /Html/images pic04.gif
2006.03.29 11:27 B C:\Documents and Settings\user\My Documents\Johnston Road Dental\Johnston Road Dental\images\picbg.gif --> www.johnstonroaddental.com /Html/images picbg.gif
2006.03.29 11:27 B C:\Documents and Settings\user\My Documents\Johnston Road Dental\Johnston Road Dental\images\pixel.gif --> www.johnstonroaddental.com /Html/images pixel.gif
2006.03.29 11:27 B C:\Documents and Settings\user\My Documents\Johnston Road Dental\Johnston Road Dental\images\searchbg.gif --> www.johnstonroaddental.com /Html/images searchbg.gif
2006.03.29 11:27 B C:\Documents and Settings\user\My Documents\Johnston Road Dental\Johnston Road Dental\images\servic1.gif --> www.johnstonroaddental.com /Html/images servic1.gif
2006.03.29 11:27 B C:\Documents and Settings\user\My Documents\Johnston Road Dental\Johnston Road Dental\images\servic2.gif --> www.johnstonroaddental.com /Html/images servic2.gif
2006.03.29 11:27 B C:\Documents and Settings\user\My Documents\Johnston Road Dental\Johnston Road Dental\images\servic2.jpg --> www.johnstonroaddental.com /Html/images servic2.jpg
2006.03.29 11:27 B C:\Documents and Settings\user\My Documents\Johnston Road Dental\Johnston Road Dental\images\servic3.gif --> www.johnstonroaddental.com /Html/images servic3.gif
2006.03.29 11:27 B C:\Documents and Settings\user\My Documents\Johnston Road Dental\Johnston Road Dental\images\services-pic.jpg --> www.johnstonroaddental.com /Html/images services-pic.jpg
2006.03.29 11:27 B C:\Documents and Settings\user\My Documents\Johnston Road Dental\Johnston Road Dental\images\spacer.gif --> www.johnstonroaddental.com /Html/images spacer.gif
2006.03.29 11:27 B C:\Documents and Settings\user\My Documents\Johnston Road Dental\Johnston Road Dental\images\summary_of_services.gif --> www.johnstonroaddental.com /Html/images summary_of_services.gif
2006.03.29 11:27 B C:\Documents and Settings\user\My Documents\Johnston Road Dental\Johnston Road Dental\images\team.jpg --> www.johnstonroaddental.com /Html/images team.jpg
2006.03.29 11:27 B C:\Documents and Settings\user\My Documents\Johnston Road Dental\Johnston Road Dental\images\thanky1.gif --> www.johnstonroaddental.com /Html/images thanky1.gif
2006.03.29 11:27 B C:\Documents and Settings\user\My Documents\Johnston Road Dental\Johnston Road Dental\images\thanky2.gif --> www.johnstonroaddental.com /Html/images thanky2.gif
2006.03.29 11:27 B C:\Documents and Settings\user\My Documents\Johnston Road Dental\Johnston Road Dental\images\top.gif --> www.johnstonroaddental.com /Html/images top.gif
2006.03.29 11:27 B C:\Documents and Settings\user\My Documents\Johnston Road Dental\Johnston Road Dental\images\topbar01.gif --> www.johnstonroaddental.com /Html/images topbar01.gif
2006.03.29 11:27 B C:\Documents and Settings\user\My Documents\Johnston Road Dental\Johnston Road Dental\images\topbar02.gif --> www.johnstonroaddental.com /Html/images topbar02.gif
2006.03.29 11:27 B C:\Documents and Settings\user\My Documents\Johnston Road Dental\Johnston Road Dental\images\topbar03.gif --> www.johnstonroaddental.com /Html/images topbar03.gif
2006.03.29 11:27 B C:\Documents and Settings\user\My Documents\Johnston Road Dental\Johnston Road Dental\images\topbg02.gif --> www.johnstonroaddental.com /Html/images topbg02.gif
2006.03.29 11:27 B C:\Documents and Settings\user\My Documents\Johnston Road Dental\Johnston Road Dental\images\topbg03.gif --> www.johnstonroaddental.com /Html/images topbg03.gif
2006.03.29 11:27 B C:\Documents and Settings\user\My Documents\Johnston Road Dental\Johnston Road Dental\images\topbluebg.gif --> www.johnstonroaddental.com /Html/images topbluebg.gif
