2006.03.29 11:25 B C:\Documents and Settings\user\My Documents\Johnston Road Dental\Johnston Road Dental\images\_vti_cnf\appt.gif --> www.johnstonroaddental.com /Html/images/_vti_cnf appt.gif
2006.03.29 11:25 B C:\Documents and Settings\user\My Documents\Johnston Road Dental\Johnston Road Dental\images\_vti_cnf\arrow.gif --> www.johnstonroaddental.com /Html/images/_vti_cnf arrow.gif
2006.03.29 11:25 B C:\Documents and Settings\user\My Documents\Johnston Road Dental\Johnston Road Dental\images\_vti_cnf\bg.gif --> www.johnstonroaddental.com /Html/images/_vti_cnf bg.gif
2006.03.29 11:25 B C:\Documents and Settings\user\My Documents\Johnston Road Dental\Johnston Road Dental\images\_vti_cnf\bg2.gif --> www.johnstonroaddental.com /Html/images/_vti_cnf bg2.gif
2006.03.29 11:25 B C:\Documents and Settings\user\My Documents\Johnston Road Dental\Johnston Road Dental\images\_vti_cnf\bg3.gif --> www.johnstonroaddental.com /Html/images/_vti_cnf bg3.gif
2006.03.29 11:25 B C:\Documents and Settings\user\My Documents\Johnston Road Dental\Johnston Road Dental\images\_vti_cnf\bg4.gif --> www.johnstonroaddental.com /Html/images/_vti_cnf bg4.gif
2006.03.29 11:25 B C:\Documents and Settings\user\My Documents\Johnston Road Dental\Johnston Road Dental\images\_vti_cnf\bio_pic.jpg --> www.johnstonroaddental.com /Html/images/_vti_cnf bio_pic.jpg
2006.03.29 11:25 B C:\Documents and Settings\user\My Documents\Johnston Road Dental\Johnston Road Dental\images\_vti_cnf\blank.gif --> www.johnstonroaddental.com /Html/images/_vti_cnf blank.gif
2006.03.29 11:25 B C:\Documents and Settings\user\My Documents\Johnston Road Dental\Johnston Road Dental\images\_vti_cnf\bottom01.gif --> www.johnstonroaddental.com /Html/images/_vti_cnf bottom01.gif
2006.03.29 11:25 B C:\Documents and Settings\user\My Documents\Johnston Road Dental\Johnston Road Dental\images\_vti_cnf\bottom02.gif --> www.johnstonroaddental.com /Html/images/_vti_cnf bottom02.gif
2006.03.29 11:25 B C:\Documents and Settings\user\My Documents\Johnston Road Dental\Johnston Road Dental\images\_vti_cnf\bottombg.gif --> www.johnstonroaddental.com /Html/images/_vti_cnf bottombg.gif
2006.03.29 11:25 B C:\Documents and Settings\user\My Documents\Johnston Road Dental\Johnston Road Dental\images\_vti_cnf\brief.gif --> www.johnstonroaddental.com /Html/images/_vti_cnf brief.gif
2006.03.29 11:25 B C:\Documents and Settings\user\My Documents\Johnston Road Dental\Johnston Road Dental\images\_vti_cnf\brief_bg.gif --> www.johnstonroaddental.com /Html/images/_vti_cnf brief_bg.gif
2006.03.29 11:25 B C:\Documents and Settings\user\My Documents\Johnston Road Dental\Johnston Road Dental\images\_vti_cnf\bt_about.gif --> www.johnstonroaddental.com /Html/images/_vti_cnf bt_about.gif
2006.03.29 11:25 B C:\Documents and Settings\user\My Documents\Johnston Road Dental\Johnston Road Dental\images\_vti_cnf\bt_before.gif --> www.johnstonroaddental.com /Html/images/_vti_cnf bt_before.gif
2006.03.29 11:25 B C:\Documents and Settings\user\My Documents\Johnston Road Dental\Johnston Road Dental\images\_vti_cnf\bt_bleaching.gif --> www.johnstonroaddental.com /Html/images/_vti_cnf bt_bleaching.gif
2006.03.29 11:25 B C:\Documents and Settings\user\My Documents\Johnston Road Dental\Johnston Road Dental\images\_vti_cnf\bt_bonding.gif --> www.johnstonroaddental.com /Html/images/_vti_cnf bt_bonding.gif
2006.03.29 11:25 B C:\Documents and Settings\user\My Documents\Johnston Road Dental\Johnston Road Dental\images\_vti_cnf\bt_booking.gif --> www.johnstonroaddental.com /Html/images/_vti_cnf bt_booking.gif
2006.03.29 11:25 B C:\Documents and Settings\user\My Documents\Johnston Road Dental\Johnston Road Dental\images\_vti_cnf\bt_bridges.gif --> www.johnstonroaddental.com /Html/images/_vti_cnf bt_bridges.gif
2006.03.29 11:25 B C:\Documents and Settings\user\My Documents\Johnston Road Dental\Johnston Road Dental\images\_vti_cnf\bt_contact.gif --> www.johnstonroaddental.com /Html/images/_vti_cnf bt_contact.gif
2006.03.29 11:25 B C:\Documents and Settings\user\My Documents\Johnston Road Dental\Johnston Road Dental\images\_vti_cnf\bt_crowns.gif --> www.johnstonroaddental.com /Html/images/_vti_cnf bt_crowns.gif
2006.03.29 11:25 B C:\Documents and Settings\user\My Documents\Johnston Road Dental\Johnston Road Dental\images\_vti_cnf\bt_dentures.gif --> www.johnstonroaddental.com /Html/images/_vti_cnf bt_dentures.gif
2006.03.29 11:25 B C:\Documents and Settings\user\My Documents\Johnston Road Dental\Johnston Road Dental\images\_vti_cnf\bt_gallery.gif --> www.johnstonroaddental.com /Html/images/_vti_cnf bt_gallery.gif
2006.03.29 11:25 B C:\Documents and Settings\user\My Documents\Johnston Road Dental\Johnston Road Dental\images\_vti_cnf\bt_gallery1.gif --> www.johnstonroaddental.com /Html/images/_vti_cnf bt_gallery1.gif
2006.03.29 11:25 B C:\Documents and Settings\user\My Documents\Johnston Road Dental\Johnston Road Dental\images\_vti_cnf\bt_implants.gif --> www.johnstonroaddental.com /Html/images/_vti_cnf bt_implants.gif
2006.03.29 11:25 B C:\Documents and Settings\user\My Documents\Johnston Road Dental\Johnston Road Dental\images\_vti_cnf\bt_our_team.gif --> www.johnstonroaddental.com /Html/images/_vti_cnf bt_our_team.gif
2006.03.29 11:25 B C:\Documents and Settings\user\My Documents\Johnston Road Dental\Johnston Road Dental\images\_vti_cnf\bt_services.gif --> www.johnstonroaddental.com /Html/images/_vti_cnf bt_services.gif
2006.03.29 11:25 B C:\Documents and Settings\user\My Documents\Johnston Road Dental\Johnston Road Dental\images\_vti_cnf\bt_team.gif --> www.johnstonroaddental.com /Html/images/_vti_cnf bt_team.gif
2006.03.29 11:25 B C:\Documents and Settings\user\My Documents\Johnston Road Dental\Johnston Road Dental\images\_vti_cnf\bt_veneers.gif --> www.johnstonroaddental.com /Html/images/_vti_cnf bt_veneers.gif
2006.03.29 11:25 B C:\Documents and Settings\user\My Documents\Johnston Road Dental\Johnston Road Dental\images\_vti_cnf\Christian.jpg --> www.johnstonroaddental.com /Html/images/_vti_cnf Christian.jpg
2006.03.29 11:25 B C:\Documents and Settings\user\My Documents\Johnston Road Dental\Johnston Road Dental\images\_vti_cnf\contac1.gif --> www.johnstonroaddental.com /Html/images/_vti_cnf contac1.gif
2006.03.29 11:25 B C:\Documents and Settings\user\My Documents\Johnston Road Dental\Johnston Road Dental\images\_vti_cnf\contac2.gif --> www.johnstonroaddental.com /Html/images/_vti_cnf contac2.gif
2006.03.29 11:25 B C:\Documents and Settings\user\My Documents\Johnston Road Dental\Johnston Road Dental\images\_vti_cnf\contac3.gif --> www.johnstonroaddental.com /Html/images/_vti_cnf contac3.gif
2006.03.29 11:25 B C:\Documents and Settings\user\My Documents\Johnston Road Dental\Johnston Road Dental\images\_vti_cnf\contac4.gif --> www.johnstonroaddental.com /Html/images/_vti_cnf contac4.gif
2006.03.29 11:25 B C:\Documents and Settings\user\My Documents\Johnston Road Dental\Johnston Road Dental\images\_vti_cnf\contac5.gif --> www.johnstonroaddental.com /Html/images/_vti_cnf contac5.gif
2006.03.29 11:25 B C:\Documents and Settings\user\My Documents\Johnston Road Dental\Johnston Road Dental\images\_vti_cnf\contac6.gif --> www.johnstonroaddental.com /Html/images/_vti_cnf contac6.gif
2006.03.29 11:25 B C:\Documents and Settings\user\My Documents\Johnston Road Dental\Johnston Road Dental\images\_vti_cnf\contac7.gif --> www.johnstonroaddental.com /Html/images/_vti_cnf contac7.gif
2006.03.29 11:25 B C:\Documents and Settings\user\My Documents\Johnston Road Dental\Johnston Road Dental\images\_vti_cnf\defaul2.gif --> www.johnstonroaddental.com /Html/images/_vti_cnf defaul2.gif
2006.03.29 11:25 B C:\Documents and Settings\user\My Documents\Johnston Road Dental\Johnston Road Dental\images\_vti_cnf\defaul3.gif --> www.johnstonroaddental.com /Html/images/_vti_cnf defaul3.gif
2006.03.29 11:25 B C:\Documents and Settings\user\My Documents\Johnston Road Dental\Johnston Road Dental\images\_vti_cnf\dent-1.jpg --> www.johnstonroaddental.com /Html/images/_vti_cnf dent-1.jpg
2006.03.29 11:25 B C:\Documents and Settings\user\My Documents\Johnston Road Dental\Johnston Road Dental\images\_vti_cnf\dent-1a.jpg --> www.johnstonroaddental.com /Html/images/_vti_cnf dent-1a.jpg
2006.03.29 11:25 B C:\Documents and Settings\user\My Documents\Johnston Road Dental\Johnston Road Dental\images\_vti_cnf\dent-2.jpg --> www.johnstonroaddental.com /Html/images/_vti_cnf dent-2.jpg
2006.03.29 11:25 B C:\Documents and Settings\user\My Documents\Johnston Road Dental\Johnston Road Dental\images\_vti_cnf\dental_chair.jpg --> www.johnstonroaddental.com /Html/images/_vti_cnf dental_chair.jpg
2006.03.29 11:25 B C:\Documents and Settings\user\My Documents\Johnston Road Dental\Johnston Road Dental\images\_vti_cnf\dottedbarbottom.gif --> www.johnstonroaddental.com /Html/images/_vti_cnf dottedbarbottom.gif
2006.03.29 11:25 B C:\Documents and Settings\user\My Documents\Johnston Road Dental\Johnston Road Dental\images\_vti_cnf\dottedbartop.gif --> www.johnstonroaddental.com /Html/images/_vti_cnf dottedbartop.gif
2006.03.29 11:25 B C:\Documents and Settings\user\My Documents\Johnston Road Dental\Johnston Road Dental\images\_vti_cnf\dtop.gif --> www.johnstonroaddental.com /Html/images/_vti_cnf dtop.gif
2006.03.29 11:25 B C:\Documents and Settings\user\My Documents\Johnston Road Dental\Johnston Road Dental\images\_vti_cnf\entrance.jpg --> www.johnstonroaddental.com /Html/images/_vti_cnf entrance.jpg
2006.03.29 11:25 B C:\Documents and Settings\user\My Documents\Johnston Road Dental\Johnston Road Dental\images\_vti_cnf\freebg.gif --> www.johnstonroaddental.com /Html/images/_vti_cnf freebg.gif
2006.03.29 11:25 B C:\Documents and Settings\user\My Documents\Johnston Road Dental\Johnston Road Dental\images\_vti_cnf\front-desk.jpg --> www.johnstonroaddental.com /Html/images/_vti_cnf front-desk.jpg
2006.03.29 11:25 B C:\Documents and Settings\user\My Documents\Johnston Road Dental\Johnston Road Dental\images\_vti_cnf\front.jpg --> www.johnstonroaddental.com /Html/images/_vti_cnf front.jpg
2006.03.29 11:25 B C:\Documents and Settings\user\My Documents\Johnston Road Dental\Johnston Road Dental\images\_vti_cnf\galler1.gif --> www.johnstonroaddental.com /Html/images/_vti_cnf galler1.gif
2006.03.29 11:25 B C:\Documents and Settings\user\My Documents\Johnston Road Dental\Johnston Road Dental\images\_vti_cnf\galler2.gif --> www.johnstonroaddental.com /Html/images/_vti_cnf galler2.gif
2006.03.29 11:25 B C:\Documents and Settings\user\My Documents\Johnston Road Dental\Johnston Road Dental\images\_vti_cnf\hdr_about.gif --> www.johnstonroaddental.com /Html/images/_vti_cnf hdr_about.gif
2006.03.29 11:25 B C:\Documents and Settings\user\My Documents\Johnston Road Dental\Johnston Road Dental\images\_vti_cnf\hdr_before.gif --> www.johnstonroaddental.com /Html/images/_vti_cnf hdr_before.gif
2006.03.29 11:25 B C:\Documents and Settings\user\My Documents\Johnston Road Dental\Johnston Road Dental\images\_vti_cnf\hdr_booking.gif --> www.johnstonroaddental.com /Html/images/_vti_cnf hdr_booking.gif
2006.03.29 11:25 B C:\Documents and Settings\user\My Documents\Johnston Road Dental\Johnston Road Dental\images\_vti_cnf\hdr_contact.gif --> www.johnstonroaddental.com /Html/images/_vti_cnf hdr_contact.gif
2006.03.29 11:25 B C:\Documents and Settings\user\My Documents\Johnston Road Dental\Johnston Road Dental\images\_vti_cnf\hdr_services.gif --> www.johnstonroaddental.com /Html/images/_vti_cnf hdr_services.gif
2006.03.29 11:25 B C:\Documents and Settings\user\My Documents\Johnston Road Dental\Johnston Road Dental\images\_vti_cnf\hdr_team.gif --> www.johnstonroaddental.com /Html/images/_vti_cnf hdr_team.gif
2006.03.29 11:25 B C:\Documents and Settings\user\My Documents\Johnston Road Dental\Johnston Road Dental\images\_vti_cnf\hdr_welcome.gif --> www.johnstonroaddental.com /Html/images/_vti_cnf hdr_welcome.gif
2006.03.29 11:25 B C:\Documents and Settings\user\My Documents\Johnston Road Dental\Johnston Road Dental\images\_vti_cnf\HH00004_.gif --> www.johnstonroaddental.com /Html/images/_vti_cnf HH00004_.gif
2006.03.29 11:25 B C:\Documents and Settings\user\My Documents\Johnston Road Dental\Johnston Road Dental\images\_vti_cnf\icon01.gif --> www.johnstonroaddental.com /Html/images/_vti_cnf icon01.gif
2006.03.29 11:25 B C:\Documents and Settings\user\My Documents\Johnston Road Dental\Johnston Road Dental\images\_vti_cnf\icon02.gif --> www.johnstonroaddental.com /Html/images/_vti_cnf icon02.gif
2006.03.29 11:25 B C:\Documents and Settings\user\My Documents\Johnston Road Dental\Johnston Road Dental\images\_vti_cnf\icon03.gif --> www.johnstonroaddental.com /Html/images/_vti_cnf icon03.gif
2006.03.29 11:25 B C:\Documents and Settings\user\My Documents\Johnston Road Dental\Johnston Road Dental\images\_vti_cnf\icon_email.gif --> www.johnstonroaddental.com /Html/images/_vti_cnf icon_email.gif
2006.03.29 11:25 B C:\Documents and Settings\user\My Documents\Johnston Road Dental\Johnston Road Dental\images\_vti_cnf\icon_home.gif --> www.johnstonroaddental.com /Html/images/_vti_cnf icon_home.gif
2006.03.29 11:25 B C:\Documents and Settings\user\My Documents\Johnston Road Dental\Johnston Road Dental\images\_vti_cnf\icon_search.gif --> www.johnstonroaddental.com /Html/images/_vti_cnf icon_search.gif
2006.03.29 11:25 B C:\Documents and Settings\user\My Documents\Johnston Road Dental\Johnston Road Dental\images\_vti_cnf\Image2.gif --> www.johnstonroaddental.com /Html/images/_vti_cnf Image2.gif
2006.03.29 11:25 B C:\Documents and Settings\user\My Documents\Johnston Road Dental\Johnston Road Dental\images\_vti_cnf\index.1.gif --> www.johnstonroaddental.com /Html/images/_vti_cnf index.1.gif
2006.03.29 11:25 B C:\Documents and Settings\user\My Documents\Johnston Road Dental\Johnston Road Dental\images\_vti_cnf\index.1.jpg --> www.johnstonroaddental.com /Html/images/_vti_cnf index.1.jpg
2006.03.29 11:25 B C:\Documents and Settings\user\My Documents\Johnston Road Dental\Johnston Road Dental\images\_vti_cnf\index.2.gif --> www.johnstonroaddental.com /Html/images/_vti_cnf index.2.gif
2006.03.29 11:25 B C:\Documents and Settings\user\My Documents\Johnston Road Dental\Johnston Road Dental\images\_vti_cnf\jr_dental_staff.jpg --> www.johnstonroaddental.com /Html/images/_vti_cnf jr_dental_staff.jpg
2006.03.29 11:25 B C:\Documents and Settings\user\My Documents\Johnston Road Dental\Johnston Road Dental\images\_vti_cnf\jrd-1.jpg --> www.johnstonroaddental.com /Html/images/_vti_cnf jrd-1.jpg
2006.03.29 11:25 B C:\Documents and Settings\user\My Documents\Johnston Road Dental\Johnston Road Dental\images\_vti_cnf\jrd-1_small.jpg --> www.johnstonroaddental.com /Html/images/_vti_cnf jrd-1_small.jpg
2006.03.29 11:25 B C:\Documents and Settings\user\My Documents\Johnston Road Dental\Johnston Road Dental\images\_vti_cnf\jrd-2.jpg --> www.johnstonroaddental.com /Html/images/_vti_cnf jrd-2.jpg
2006.03.29 11:25 B C:\Documents and Settings\user\My Documents\Johnston Road Dental\Johnston Road Dental\images\_vti_cnf\jrd-2_small.jpg --> www.johnstonroaddental.com /Html/images/_vti_cnf jrd-2_small.jpg
2006.03.29 11:25 B C:\Documents and Settings\user\My Documents\Johnston Road Dental\Johnston Road Dental\images\_vti_cnf\jrd-3.jpg --> www.johnstonroaddental.com /Html/images/_vti_cnf jrd-3.jpg
2006.03.29 11:25 B C:\Documents and Settings\user\My Documents\Johnston Road Dental\Johnston Road Dental\images\_vti_cnf\jrd-3_small.jpg --> www.johnstonroaddental.com /Html/images/_vti_cnf jrd-3_small.jpg
2006.03.29 11:25 B C:\Documents and Settings\user\My Documents\Johnston Road Dental\Johnston Road Dental\images\_vti_cnf\jrd-4.jpg --> www.johnstonroaddental.com /Html/images/_vti_cnf jrd-4.jpg
2006.03.29 11:25 B C:\Documents and Settings\user\My Documents\Johnston Road Dental\Johnston Road Dental\images\_vti_cnf\jrd-4_small.jpg --> www.johnstonroaddental.com /Html/images/_vti_cnf jrd-4_small.jpg
2006.03.29 11:25 B C:\Documents and Settings\user\My Documents\Johnston Road Dental\Johnston Road Dental\images\_vti_cnf\jrd-5.jpg --> www.johnstonroaddental.com /Html/images/_vti_cnf jrd-5.jpg
2006.03.29 11:25 B C:\Documents and Settings\user\My Documents\Johnston Road Dental\Johnston Road Dental\images\_vti_cnf\jrd-5_small.jpg --> www.johnstonroaddental.com /Html/images/_vti_cnf jrd-5_small.jpg
2006.03.29 11:25 B C:\Documents and Settings\user\My Documents\Johnston Road Dental\Johnston Road Dental\images\_vti_cnf\jrd-5_small1.jpg --> www.johnstonroaddental.com /Html/images/_vti_cnf jrd-5_small1.jpg
2006.03.29 11:25 B C:\Documents and Settings\user\My Documents\Johnston Road Dental\Johnston Road Dental\images\_vti_cnf\jrd-5a.jpg --> www.johnstonroaddental.com /Html/images/_vti_cnf jrd-5a.jpg
2006.03.29 11:25 B C:\Documents and Settings\user\My Documents\Johnston Road Dental\Johnston Road Dental\images\_vti_cnf\jrd-6.jpg --> www.johnstonroaddental.com /Html/images/_vti_cnf jrd-6.jpg
2006.03.29 11:25 B C:\Documents and Settings\user\My Documents\Johnston Road Dental\Johnston Road Dental\images\_vti_cnf\jrd-7.jpg --> www.johnstonroaddental.com /Html/images/_vti_cnf jrd-7.jpg
2006.03.29 11:26 B C:\Documents and Settings\user\My Documents\Johnston Road Dental\Johnston Road Dental\images\_vti_cnf\jrd-7_small.jpg --> www.johnstonroaddental.com /Html/images/_vti_cnf jrd-7_small.jpg
2006.03.29 11:26 B C:\Documents and Settings\user\My Documents\Johnston Road Dental\Johnston Road Dental\images\_vti_cnf\jrd-8.jpg --> www.johnstonroaddental.com /Html/images/_vti_cnf jrd-8.jpg
2006.03.29 11:26 B C:\Documents and Settings\user\My Documents\Johnston Road Dental\Johnston Road Dental\images\_vti_cnf\jrd.jpg --> www.johnstonroaddental.com /Html/images/_vti_cnf jrd.jpg
2006.03.29 11:26 B C:\Documents and Settings\user\My Documents\Johnston Road Dental\Johnston Road Dental\images\_vti_cnf\left.gif --> www.johnstonroaddental.com /Html/images/_vti_cnf left.gif
2006.03.29 11:26 B C:\Documents and Settings\user\My Documents\Johnston Road Dental\Johnston Road Dental\images\_vti_cnf\line.gif --> www.johnstonroaddental.com /Html/images/_vti_cnf line.gif
2006.03.29 11:26 B C:\Documents and Settings\user\My Documents\Johnston Road Dental\Johnston Road Dental\images\_vti_cnf\linebg.gif --> www.johnstonroaddental.com /Html/images/_vti_cnf linebg.gif
2006.03.29 11:26 B C:\Documents and Settings\user\My Documents\Johnston Road Dental\Johnston Road Dental\images\_vti_cnf\map.gif --> www.johnstonroaddental.com /Html/images/_vti_cnf map.gif
2006.03.29 11:26 B C:\Documents and Settings\user\My Documents\Johnston Road Dental\Johnston Road Dental\images\_vti_cnf\online_booking.gif --> www.johnstonroaddental.com /Html/images/_vti_cnf online_booking.gif
2006.03.29 11:26 B C:\Documents and Settings\user\My Documents\Johnston Road Dental\Johnston Road Dental\images\_vti_cnf\online_booking_hdr.gif --> www.johnstonroaddental.com /Html/images/_vti_cnf online_booking_hdr.gif
2006.03.29 11:26 B C:\Documents and Settings\user\My Documents\Johnston Road Dental\Johnston Road Dental\images\_vti_cnf\patient1_after.jpg --> www.johnstonroaddental.com /Html/images/_vti_cnf patient1_after.jpg
2006.03.29 11:26 B C:\Documents and Settings\user\My Documents\Johnston Road Dental\Johnston Road Dental\images\_vti_cnf\patient1_before.jpg --> www.johnstonroaddental.com /Html/images/_vti_cnf patient1_before.jpg
2006.03.29 11:26 B C:\Documents and Settings\user\My Documents\Johnston Road Dental\Johnston Road Dental\images\_vti_cnf\patient2_after.jpg --> www.johnstonroaddental.com /Html/images/_vti_cnf patient2_after.jpg
2006.03.29 11:26 B C:\Documents and Settings\user\My Documents\Johnston Road Dental\Johnston Road Dental\images\_vti_cnf\patient2_before.jpg --> www.johnstonroaddental.com /Html/images/_vti_cnf patient2_before.jpg
2006.03.29 11:26 B C:\Documents and Settings\user\My Documents\Johnston Road Dental\Johnston Road Dental\images\_vti_cnf\patient3_after.jpg --> www.johnstonroaddental.com /Html/images/_vti_cnf patient3_after.jpg
2006.03.29 11:26 B C:\Documents and Settings\user\My Documents\Johnston Road Dental\Johnston Road Dental\images\_vti_cnf\patient3_before.jpg --> www.johnstonroaddental.com /Html/images/_vti_cnf patient3_before.jpg
2006.03.29 11:26 B C:\Documents and Settings\user\My Documents\Johnston Road Dental\Johnston Road Dental\images\_vti_cnf\patient4_after.jpg --> www.johnstonroaddental.com /Html/images/_vti_cnf patient4_after.jpg
2006.03.29 11:26 B C:\Documents and Settings\user\My Documents\Johnston Road Dental\Johnston Road Dental\images\_vti_cnf\patient4_before.jpg --> www.johnstonroaddental.com /Html/images/_vti_cnf patient4_before.jpg
2006.03.29 11:26 B C:\Documents and Settings\user\My Documents\Johnston Road Dental\Johnston Road Dental\images\_vti_cnf\pic01.jpg --> www.johnstonroaddental.com /Html/images/_vti_cnf pic01.jpg
2006.03.29 11:26 B C:\Documents and Settings\user\My Documents\Johnston Road Dental\Johnston Road Dental\images\_vti_cnf\pic02.gif --> www.johnstonroaddental.com /Html/images/_vti_cnf pic02.gif
2006.03.29 11:26 B C:\Documents and Settings\user\My Documents\Johnston Road Dental\Johnston Road Dental\images\_vti_cnf\pic02.jpg --> www.johnstonroaddental.com /Html/images/_vti_cnf pic02.jpg
2006.03.29 11:26 B C:\Documents and Settings\user\My Documents\Johnston Road Dental\Johnston Road Dental\images\_vti_cnf\pic02_2.jpg --> www.johnstonroaddental.com /Html/images/_vti_cnf pic02_2.jpg
2006.03.29 11:26 B C:\Documents and Settings\user\My Documents\Johnston Road Dental\Johnston Road Dental\images\_vti_cnf\pic04.gif --> www.johnstonroaddental.com /Html/images/_vti_cnf pic04.gif
2006.03.29 11:26 B C:\Documents and Settings\user\My Documents\Johnston Road Dental\Johnston Road Dental\images\_vti_cnf\picbg.gif --> www.johnstonroaddental.com /Html/images/_vti_cnf picbg.gif
2006.03.29 11:26 B C:\Documents and Settings\user\My Documents\Johnston Road Dental\Johnston Road Dental\images\_vti_cnf\pixel.gif --> www.johnstonroaddental.com /Html/images/_vti_cnf pixel.gif
2006.03.29 11:26 B C:\Documents and Settings\user\My Documents\Johnston Road Dental\Johnston Road Dental\images\_vti_cnf\searchbg.gif --> www.johnstonroaddental.com /Html/images/_vti_cnf searchbg.gif
2006.03.29 11:26 B C:\Documents and Settings\user\My Documents\Johnston Road Dental\Johnston Road Dental\images\_vti_cnf\servic1.gif --> www.johnstonroaddental.com /Html/images/_vti_cnf servic1.gif
2006.03.29 11:26 B C:\Documents and Settings\user\My Documents\Johnston Road Dental\Johnston Road Dental\images\_vti_cnf\servic2.gif --> www.johnstonroaddental.com /Html/images/_vti_cnf servic2.gif
2006.03.29 11:26 B C:\Documents and Settings\user\My Documents\Johnston Road Dental\Johnston Road Dental\images\_vti_cnf\servic2.jpg --> www.johnstonroaddental.com /Html/images/_vti_cnf servic2.jpg
2006.03.29 11:26 B C:\Documents and Settings\user\My Documents\Johnston Road Dental\Johnston Road Dental\images\_vti_cnf\servic3.gif --> www.johnstonroaddental.com /Html/images/_vti_cnf servic3.gif
2006.03.29 11:26 B C:\Documents and Settings\user\My Documents\Johnston Road Dental\Johnston Road Dental\images\_vti_cnf\services-pic.jpg --> www.johnstonroaddental.com /Html/images/_vti_cnf services-pic.jpg
2006.03.29 11:26 B C:\Documents and Settings\user\My Documents\Johnston Road Dental\Johnston Road Dental\images\_vti_cnf\spacer.gif --> www.johnstonroaddental.com /Html/images/_vti_cnf spacer.gif
2006.03.29 11:26 B C:\Documents and Settings\user\My Documents\Johnston Road Dental\Johnston Road Dental\images\_vti_cnf\summary_of_services.gif --> www.johnstonroaddental.com /Html/images/_vti_cnf summary_of_services.gif
2006.03.29 11:26 B C:\Documents and Settings\user\My Documents\Johnston Road Dental\Johnston Road Dental\images\_vti_cnf\team.jpg --> www.johnstonroaddental.com /Html/images/_vti_cnf team.jpg
2006.03.29 11:26 B C:\Documents and Settings\user\My Documents\Johnston Road Dental\Johnston Road Dental\images\_vti_cnf\thanky1.gif --> www.johnstonroaddental.com /Html/images/_vti_cnf thanky1.gif
2006.03.29 11:26 B C:\Documents and Settings\user\My Documents\Johnston Road Dental\Johnston Road Dental\images\_vti_cnf\thanky2.gif --> www.johnstonroaddental.com /Html/images/_vti_cnf thanky2.gif
2006.03.29 11:26 B C:\Documents and Settings\user\My Documents\Johnston Road Dental\Johnston Road Dental\images\_vti_cnf\top.gif --> www.johnstonroaddental.com /Html/images/_vti_cnf top.gif
2006.03.29 11:26 B C:\Documents and Settings\user\My Documents\Johnston Road Dental\Johnston Road Dental\images\_vti_cnf\topbar01.gif --> www.johnstonroaddental.com /Html/images/_vti_cnf topbar01.gif
2006.03.29 11:26 B C:\Documents and Settings\user\My Documents\Johnston Road Dental\Johnston Road Dental\images\_vti_cnf\topbar02.gif --> www.johnstonroaddental.com /Html/images/_vti_cnf topbar02.gif
2006.03.29 11:26 B C:\Documents and Settings\user\My Documents\Johnston Road Dental\Johnston Road Dental\images\_vti_cnf\topbar03.gif --> www.johnstonroaddental.com /Html/images/_vti_cnf topbar03.gif
2006.03.29 11:26 B C:\Documents and Settings\user\My Documents\Johnston Road Dental\Johnston Road Dental\images\_vti_cnf\topbg02.gif --> www.johnstonroaddental.com /Html/images/_vti_cnf topbg02.gif
2006.03.29 11:26 B C:\Documents and Settings\user\My Documents\Johnston Road Dental\Johnston Road Dental\images\_vti_cnf\topbg03.gif --> www.johnstonroaddental.com /Html/images/_vti_cnf topbg03.gif
2006.03.29 11:26 B C:\Documents and Settings\user\My Documents\Johnston Road Dental\Johnston Road Dental\images\_vti_cnf\topbluebg.gif --> www.johnstonroaddental.com /Html/images/_vti_cnf topbluebg.gif
